Arguments: 
  C:\Program Files\nodejs\node.exe C:\Users\Israel.METANOIA.000\AppData\Roaming\npm\node_modules\yarn\bin\yarn.js publish

PATH: 
  C:\ProgramData\DockerDesktop\version-bin;C:\Program Files\Docker\Docker\Resources\bin;C:\Program Files (x86)\Common Files\Oracle\Java\javapath;C:\Program Files (x86)\PHP\v7.1;C:\Windows\system32\inetsrv;C:\Program Files (x86)\Common Files\Intel\Shared Libraries\redist\intel64\compiler;C:\Program Files\Microsoft MPI\Bin\;C:\Windows\system32;C:\Windows;C:\Windows\System32\Wbem;C:\Windows\System32\WindowsPowerShell\v1.0\;C:\Windows\System32\OpenSSH\;C:\Program Files\dotnet\;C:\Program Files\Microsoft SQL Server\130\Tools\Binn\;C:\Program Files\Microsoft VS Code\bin;C:\Program Files\PuTTY\;C:\Program Files (x86)\NVIDIA Corporation\PhysX\Common;C:\Program Files (x86)\Microsoft SQL Server\140\DTS\Binn\;C:\Program Files\Microsoft SQL Server\140\DTS\Binn\;C:\Program Files\Microsoft SQL Server\Client SDK\ODBC\130\Tools\Binn\;C:\Program Files (x86)\Microsoft SQL Server\140\Tools\Binn\;C:\Program Files\Microsoft SQL Server\140\Tools\Binn\;C:\Program Files\Microsoft\Web Platform Installer\;C:\Program Files (x86)\Microsoft SQL Server\Client SDK\ODBC\130\Tools\Binn\;C:\Program Files (x86)\Microsoft SQL Ser;C:\Program Files\Git\cmd;C:\Program Files\TortoiseGit\bin;C:\Program Files\Microsoft SQL Server\Client SDK\ODBC\170\Tools\Binn\;C:\Program Files\Microsoft SQL Server\110\Tools\Binn\;C:\WINDOWS\system32;C:\WINDOWS;C:\WINDOWS\System32\Wbem;C:\WINDOWS\System32\WindowsPowerShell\v1.0\;C:\WINDOWS\System32\OpenSSH\;C:\Program Files\nodejs\;C:\Program Files\Azure Data Studio\bin;C:\Program Files (x86)\Windows Kits\10\Windows Performance Toolkit\;C:\Program Files (x86)\Windows Kits\10\Microsoft Application Virtualization\Sequencer\;C:\Program Files\Amazon\AWSCLI\bin\;C:\Users\Israel.METANOIA.000\AppData\Local\Microsoft\WindowsApps;C:\Users\Israel.METANOIA.000\AppData\Roaming\npm;C:\Program Files (x86)\Sophos\Sophos SSL VPN Client\bin;C:\Users\Israel.METANOIA.000\.dotnet\tools;C:\Users\Israel.METANOIA.000\AppData\Local\Microsoft\WindowsApps

Yarn version: 
  1.16.0

Node version: 
  10.15.3

Platform: 
  win32 x64

Trace: 
  Error: https://registry.yarnpkg.com/-/user/org.couchdb.user:israelinux: The provided password is too short. Please pick a password longer than 10 characters.
      at Request.params.callback [as _callback] (C:\Users\Israel.METANOIA.000\AppData\Roaming\npm\node_modules\yarn\lib\cli.js:66091:18)
      at Request.self.callback (C:\Users\Israel.METANOIA.000\AppData\Roaming\npm\node_modules\yarn\lib\cli.js:129590:22)
      at Request.emit (events.js:189:13)
      at Request.<anonymous> (C:\Users\Israel.METANOIA.000\AppData\Roaming\npm\node_modules\yarn\lib\cli.js:130562:10)
      at Request.emit (events.js:189:13)
      at IncomingMessage.<anonymous> (C:\Users\Israel.METANOIA.000\AppData\Roaming\npm\node_modules\yarn\lib\cli.js:130484:12)
      at Object.onceWrapper (events.js:277:13)
      at IncomingMessage.emit (events.js:194:15)
      at endReadableNT (_stream_readable.js:1125:12)
      at process._tickCallback (internal/process/next_tick.js:63:19)

npm manifest: 
  {
  	"name": "mtnlibrary",
  	"version": "1.1.1",
  	"description": "Mtn Library",
  	"license": "LGPLv3",
  	"repository": "israelinux/vue-mtnlibrary",
  	"author": {
  		"name": "Israel Fonseca",
  		"email": "israelinux@gmail.com",
  		"url": "https://www.mtn.com.br"
  	},
  	"engines": {
  		"node": ">=6"
  	},
  	"scripts": {	
  	},
  	"files": [
  		"index.js"
  	],
  	"keywords": [
  		"mtnlibrary",
  		"mtn-library"
  	],
  	"devDependencies": {
  	
  	}
  }

yarn manifest: 
  No manifest

Lockfile: 
  No lockfile
